[    5997ms] [WARNING] document.domain mutation is ignored because the surrounding agent cluster is origin-keyed. @ https://towardsdev.com/the-day-we-forgot-about-layers-and-components-d6222451c4e2?gi=f3f2d3bb6ed3:41
[    8631ms] [LOG] 
    :#@@@@@@@@@@@@@@@@@@@@@@@@@@@@@@@@@@@@@@@@@@@*:
   :#@@@@@@@@@@@@@@@@@@@@@@@@@@@@@@@@@@@@@@@@@@@@@@@+
  #@@@@@@@@@@@@@@@@@@@@@@@@@@@@@@@@@@@@@@@@@@@@@@@@@@@+
  %@@@@@@@@@#-:::::::%@@@@@@@@@@@@@@-::::::=#@@@@@@@@@+
  %@@@@@@@@@@@:.    .:@@@@@@@@@@@@@+..    -@@@@@@@@@@@+
  %@@@@@@@@@@@:...   .-@@@@@@@@@@@#.-.    =@@@@@@@@@@@+
  %@@@@@@@@@@@:=-..   .*@@@@@@@@@@:=+.    =@@@@@@@@@@%+
  %@@@@@@@@@@@:=@:..   .%@@@@@@@@::@+.    =@@@@@@*:.:-:
  %@@@@@@@@@@@:=@@..    .@@@@@@@=.@@*.    =@@@@=...%@@+
  %@@@@@@@@@@@:=@@#..   .:@@@@@*.%@@*.    =@@@:...*@@@+
  %@@@@@@@@@@@:=@@@+.    .=@@@%.*@@@*.    =@@=....@@@@+
  %@@@@@@@@@@@:=@@@@-..   .*@@:=@@@@*.   .=@@.. ..++++-
  %@@@@@@@@@@@:=@@@@@:..   .%-:@@@@@*.   .=@#.   -@@@@+
  %@@@@@@@@@@@:=@@@@@%..     .@@@@@@*.   .=@#.. ..%@@@+
  %@@@@@@@@@@@:=@@@@@@*..   .%@@@@@@*.   .=@@:.  .:@@@+
  %@@@@@@@@@@@:=@@@@@@@=.. .*@@@@@@@*.   .=@@+... ..+@+
  %@@@@@@@@@@@:=@@@@@@@@:..-@@@@@@@@*.   .=@@@=..   ...
  %@@@@@@@@@@#.:%@@@@@@@@.:@@@@@@@@@-.....:%@@@*:.... 
  %@@@@@@@@@*****#@@@@@@@%@@@@@@@@#+++++++++*@@@@%+-:::
  #@@@@@@@@@@@@@@@@@@@@@@@@@@@@@@@@@@@@@@@@@@@@@@@@@@@+
  *@@@@@@@@@@@@@@@@@@@@@@@@@@@@@@@@@@@@@@@@@@@@@@@@@@@=
     :#@@@@@@@@@@@@@@@@@@@@@@@@@@@@@@@@@@@@@@@@@@@*:
 @ https://cdn-client.medium.com/lite/static/js/main.ff0c4b21.js:1
[    8631ms] [LOG] We're hiring! https://medium.com/jobs-at-medium/work-at-medium-959d1a85284e @ https://cdn-client.medium.com/lite/static/js/main.ff0c4b21.js:1
[    8933ms] [ERROR] Failed to load resource: the server responded with a status of 403 () @ https://towardsdev.com/_/clientele/reports/performance/:0
[   12492ms] [INFO] Slow network is detected. See https://www.chromestatus.com/feature/5636954674692096 for more details. Fallback font will be used while loading: https://fonts.gstatic.com/s/roboto/v48/KFO7CnqEu92Fr1ME7kSn66aGLdTylUAMa3yUBHMdazQ.woff2 @ https://www.gstatic.com/recaptcha/releases/gTpTIWhbKpxADzTzkcabhXN4/recaptcha__en.js:303
[   13481ms] [ERROR] Failed to load resource: the server responded with a status of 403 () @ https://towardsdev.com/_/clientele/reports/performance/:0
[   14018ms] [ERROR] Failed to load resource: the server responded with a status of 403 () @ https://towardsdev.com/_/graphql:0
[   18643ms] [LOG] Download the Apollo DevTools for a better development experience: %s https://chrome.google.com/webstore/detail/apollo-client-developer-t/jdkknkkbebbapilgoeccciglkfbmbnfm @ https://cdn-client.medium.com/lite/static/js/2746.261ecfe2.js:1
[   99458ms] [ERROR] Failed to load resource: the server responded with a status of 403 () @ https://towardsdev.com/_/graphql:0
[  102141ms] [ERROR] Failed to load resource: the server responded with a status of 403 () @ https://towardsdev.com/_/graphql:0
[  107232ms] [ERROR] Failed to load resource: the server responded with a status of 403 () @ https://towardsdev.com/_/graphql:0
[  299969ms] [ERROR] Failed to load resource: the server responded with a status of 403 () @ https://towardsdev.com/_/graphql:0
